<?xml version="1.0" encoding="UTF-8"?>
<!-- Generated by org.testng.reporters.JUnitXMLReporter -->
<testsuite hostname="DESKTOP-NJVFU3A" ignored="0" name="Test" tests="5" failures="0" timestamp="06 Aug 2021 04:19:42 GMT" time="0.034" errors="0">
  <testcase name="guiTest" time="0.005" classname="Automation.Mavenjava.SeleniumTest"/>
  <testcase name="seleniumTest" time="0.0" classname="Automation.Mavenjava.SeleniumTest"/>
  <testcase name="jmeter" time="0.0" classname="Automation.Mavenjava.AppiumTest"/>
  <testcase name="mobileTesting" time="0.001" classname="Automation.Mavenjava.AppiumTest"/>
  <testcase name="postman" time="0.0" classname="Automation.Mavenjava.RestApi"/>
</testsuite> <!-- Test -->
