<?xml version="1.0" encoding="UTF-8"?>
<testng-results skipped="0" failed="0" ignored="0" total="5" passed="5">
  <reporter-output>
  </reporter-output>
  <suite name="Suite" duration-ms="34" started-at="2021-08-06T04:19:42Z" finished-at="2021-08-06T04:19:42Z">
    <groups>
    </groups>
    <test name="Test" duration-ms="34" started-at="2021-08-06T04:19:42Z" finished-at="2021-08-06T04:19:42Z">
      <class name="Automation.Mavenjava.SeleniumTest">
        <test-method status="PASS" signature="guiTest()[pri:0, instance:Automation.Mavenjava.SeleniumTest@691a7f8f]" name="guiTest" duration-ms="5" started-at="2021-08-06T04:19:42Z" finished-at="2021-08-06T04:19:42Z">
          <reporter-output>
          </reporter-output>
        </test-method> <!-- guiTest -->
        <test-method status="PASS" signature="seleniumTest()[pri:0, instance:Automation.Mavenjava.SeleniumTest@691a7f8f]" name="seleniumTest" duration-ms="0" started-at="2021-08-06T04:19:42Z" finished-at="2021-08-06T04:19:42Z">
          <reporter-output>
          </reporter-output>
        </test-method> <!-- seleniumTest -->
      </class> <!-- Automation.Mavenjava.SeleniumTest -->
      <class name="Automation.Mavenjava.AppiumTest">
        <test-method status="PASS" signature="jmeter()[pri:0, instance:Automation.Mavenjava.AppiumTest@161b062a]" name="jmeter" duration-ms="0" started-at="2021-08-06T04:19:42Z" finished-at="2021-08-06T04:19:42Z">
          <reporter-output>
          </reporter-output>
        </test-method> <!-- jmeter -->
        <test-method status="PASS" signature="mobileTesting()[pri:0, instance:Automation.Mavenjava.AppiumTest@161b062a]" name="mobileTesting" duration-ms="1" started-at="2021-08-06T04:19:42Z" finished-at="2021-08-06T04:19:42Z">
          <reporter-output>
          </reporter-output>
        </test-method> <!-- mobileTesting -->
      </class> <!-- Automation.Mavenjava.AppiumTest -->
      <class name="Automation.Mavenjava.RestApi">
        <test-method status="PASS" signature="postman()[pri:0, instance:Automation.Mavenjava.RestApi@50a7bc6e]" name="postman" duration-ms="0" started-at="2021-08-06T04:19:42Z" finished-at="2021-08-06T04:19:42Z">
          <reporter-output>
          </reporter-output>
        </test-method> <!-- postman -->
      </class> <!-- Automation.Mavenjava.RestApi -->
    </test> <!-- Test -->
  </suite> <!-- Suite -->
</testng-results>
